<?xml version="1.0" encoding="UTF-8"?>
<testng-results skipped="0" failed="0" ignored="0" total="0" passed="0">
  <reporter-output>
  </reporter-output>
  <suite name="portalpages by packages" duration-ms="18" started-at="2019-08-08T16:05:23Z" finished-at="2019-08-08T16:05:23Z">
    <groups>
    </groups>
    <test name="OnlinePortal.portalpages" duration-ms="18" started-at="2019-08-08T16:05:23Z" finished-at="2019-08-08T16:05:23Z">
    </test> <!-- OnlinePortal.portalpages -->
  </suite> <!-- portalpages by packages -->
</testng-results>
